<?xml version="1.0" encoding="UTF-8"?>
<testsuite name="com.bridgelabz.junit.test.UserRegistrationTest" tests="1" skipped="0" failures="0" errors="0" timestamp="2021-11-26T11:30:36" hostname="LAPTOP-H1ORNGVH" time="0.018">
  <properties/>
  <testcase name="passWordRule3()" classname="com.bridgelabz.junit.test.UserRegistrationTest" time="0.018"/>
  <system-out><![CDATA[PassWord Rule 3 is correct
]]></system-out>
  <system-err><![CDATA[]]></system-err>
</testsuite>
