<?xml version="1.0" encoding="UTF-8"?>
<testsuite name="com.bridgelabz.junit.test.UserRegistrationTest" tests="1" skipped="0" failures="0" errors="0" timestamp="2021-12-04T10:20:11" hostname="LAPTOP-H1ORNGVH" time="0.019">
  <properties/>
  <testcase name="checkGivenFirstNameIsValidAndShouldReturnHappy()" classname="com.bridgelabz.junit.test.UserRegistrationTest" time="0.019"/>
  <system-out><![CDATA[Valid Firstname!!
Registration is Successful!!
]]></system-out>
  <system-err><![CDATA[]]></system-err>
</testsuite>
