<?xml version="1.0" encoding="UTF-8"?>
<testsuite name="com.bridgelabz.junit.test.UserRegistrationTest" tests="1" skipped="0" failures="0" errors="0" timestamp="2021-11-26T08:03:28" hostname="LAPTOP-H1ORNGVH" time="0.017">
  <properties/>
  <testcase name="lastName()" classname="com.bridgelabz.junit.test.UserRegistrationTest" time="0.017"/>
  <system-out><![CDATA[lastName is correct
]]></system-out>
  <system-err><![CDATA[]]></system-err>
</testsuite>
