<?xml version="1.0" encoding="UTF-8"?>
<testsuite name="com.bridgelabz.junit.test.UserRegistrationTest" tests="1" skipped="0" failures="0" errors="0" timestamp="2021-11-26T11:34:41" hostname="LAPTOP-H1ORNGVH" time="0.022">
  <properties/>
  <testcase name="passWordRule4()" classname="com.bridgelabz.junit.test.UserRegistrationTest" time="0.022"/>
  <system-out><![CDATA[PassWord Rule 4 is correct
]]></system-out>
  <system-err><![CDATA[]]></system-err>
</testsuite>
